------------------------------------------------------------------------------------------
Service pack mismatch: caller is version 2024.1 while current executable is version 2024.0
------------------------------------------------------------------------------------------

=================================================================================
 - hardware info
   + cpu name                    : Intel(R) Core(TM) i5-6440HQ CPU @ 2.60GHz
   + sockets                     : 1
   + cores per socket            : 4
   + hyperthreading              : off
   + max cpuid level             : 22
   + max cpuid ext. level        : 8
   + numa nodes                  : 1
   + internal cpu info           : CPUID: selected engine is 'Leaf 0xB detection'
apic ids           : 0, 2, 4, 6
apic ids (fallback): 0, 2, 4, 6
from cpu registers: 0, 2, 4, 6
fallback: 0, 2, 4, 6
combined: 0, 2, 4, 6
max id per cpu: 16
SMT mask: 1
Core mask: e
Package mask: fffffff0
set results:
  - packages: 1
  - cores: 4
  - smts: 1
generate core map, new implementation
0, 1, 2, 3
packages: 1
cores   : 4
ht units: 1
 - pinning rule in use   : PINNING_RULE_MCALC_SKIP_ALL
 - desired group         : 0
 - num cores available   : 4
 - active core list from affinity: 
   + num accessible procs          : 4
   + num logical procs             : 4
   + current affinity (env)        : 0,1,2,3
   + sockets ids in                : 0
   + core list                  (1): 0,1,2,3
 - active cores          : 0,1,2,3
 - skip pinning: + allowed number of sockets = available number of sockets
                 + hyperthreading off
=================================================================================

==========================================================================
Version: 2024.0 Release from 2023-09-01 (change 1164796) [Release]
Workflow: QQ-Facets
Operation: [acis, fpba, bg]
Architecture: Windows, ID: AMD64
System Windows-64bit
Using processor group 0/1
Matrix calculation information:
# of Nodes: 0
Concurrency: 0
Start ID: 0
Node ID: 0
HEX Mesh information:
Hex mesh: global: [hxr o(0 | 0 | 0) s(97 | 83 | 31) np (no TSTs): 249581] 
==========================================================================

>>>>>>>>>>>>>>>>>>>>>>>>>>>>>
Mon Mon Nov  4 21:48:44 2024
started: processing CAD model
>>>>>>>>>>>>>>>>>>>>>>>>>>>>>

========================================================================
Processing CAD model (for field results)
	[Improved internal geometry representation]
	[Accuracy improvement for long shapes in inhomogeneous mesh regions]
Version: 2024.0 Release from 2023-09-01 (change 1164796)
PBA version 2023101624
Sub-Workflow: Facets-QQ-GEX
Workflow updated: -
Mon Mon Nov  4 21:48:44 2024
========================================================================

===========================================
Finished CAD processing (for field results)
===========================================

<<<<<<<<<<<<<<<<<<<<<<<<<<<<<<<<<<<<<<<<<<
Mon Mon Nov  4 21:48:45 2024
Resource usage for processing CAD model:
	Runtime                 00:00:01.00362
	Peak Memory Usage:               19 MB
<<<<<<<<<<<<<<<<<<<<<<<<<<<<<<<<<<<<<<<<<<

-------------------------------------------------------------------------------------------------------------------------------
PBAMeshFeedback - InfoMap: 0[ms] - SBCell navigation: Using legacy edges - CornerCorrectionLinesAndWires: 0[ms] - Write: 16[ms]
-------------------------------------------------------------------------------------------------------------------------------

Frontend-Node:  =======================================================================
                FPBA has been activated in order to calculate connectivity information.
                =======================================================================

>>>>>>>>>>>>>>>>>>>>>>>>>>>>>>>>
Mon Mon Nov  4 21:49:27 2024
started: parallelization control
>>>>>>>>>>>>>>>>>>>>>>>>>>>>>>>>

=================================================================================
 - hardware info
   + cpu name                    : Intel(R) Core(TM) i5-6440HQ CPU @ 2.60GHz
   + sockets                     : 1
   + cores per socket            : 4
   + hyperthreading              : off
   + max cpuid level             : 22
   + max cpuid ext. level        : 8
   + numa nodes                  : 1
   + internal cpu info           : CPUID: selected engine is 'Leaf 0xB detection'
apic ids           : 0, 2, 4, 6
apic ids (fallback): 0, 2, 4, 6
from cpu registers: 0, 2, 4, 6
fallback: 0, 2, 4, 6
combined: 0, 2, 4, 6
max id per cpu: 16
SMT mask: 1
Core mask: e
Package mask: fffffff0
set results:
  - packages: 1
  - cores: 4
  - smts: 1
generate core map, new implementation
0, 1, 2, 3
packages: 1
cores   : 4
ht units: 1
 - pinning rule in use   : PINNING_RULE_MCALC_SKIP_ALL
 - desired group         : 0
 - num cores available   : 4
 - active core list from affinity: 
   + num accessible procs          : 4
   + num logical procs             : 4
   + current affinity (env)        : 0,1,2,3
   + sockets ids in                : 0
   + core list                  (1): 0,1,2,3
 - active cores          : 0,1,2,3
 - skip pinning: + allowed number of sockets = available number of sockets
                 + hyperthreading off
=================================================================================

==========================================================================
Version: 2024.0 Release from 2023-09-01 (change 1164796) [Release]
Workflow: QQ-Facets
Operation: [acis, fpba, bg]
Architecture: Windows, ID: AMD64
System Windows-64bit
Using processor group 0/1
Matrix calculation information:
# of Nodes: 0
Concurrency: 0
Start ID: 0
Node ID: 0
HEX Mesh information:
Hex mesh: global: [hxr o(0 | 0 | 0) s(97 | 83 | 31) np (no TSTs): 249581] 
==========================================================================

>>>>>>>>>>>>>>>>>>>>>>>>>>>>>
Mon Mon Nov  4 21:49:27 2024
started: processing CAD model
>>>>>>>>>>>>>>>>>>>>>>>>>>>>>

========================================================================
Processing CAD model
	[Improved internal geometry representation]
	[Accuracy improvement for long shapes in inhomogeneous mesh regions]
Version: 2024.0 Release from 2023-09-01 (change 1164796)
PBA version 2023101624
Sub-Workflow: Facets-QQ
Workflow updated: -
Mon Mon Nov  4 21:49:27 2024
========================================================================

---------------------------------------------
Used point accuracy enhancement value: 0.00%.
---------------------------------------------

=============================================================================
Mesh statistics:
-----------------------------------------------------------------------------
Minimum edge length (x): 0.34 @ mesh line 48 (x)
Maximum edge length (x): 6.6 @ mesh line 95 (x)
Minimum face area (x): 0.192 @ mesh lines 31 | 14 (y | z)
Maximum face area (x): 44.4 @ mesh lines 81 | 0 (y | z)
Minimum edge length (y): 0.481 @ mesh line 31 (y)
Maximum edge length (y): 6.61 @ mesh line 81 (y)
Minimum face area (y): 0.136 @ mesh lines 14 | 48 (z | x)
Maximum face area (y): 44.4 @ mesh lines 0 | 95 (z | x)
Minimum edge length (z): 0.4 @ mesh line 14 (z)
Maximum edge length (z): 6.72 @ mesh line 0 (z)
Minimum face area (z): 0.163 @ mesh lines 48 | 31 (x | y)
Maximum face area (z): 43.6 @ mesh lines 95 | 81 (x | y)
Maximum mesh face aspect ratio (x): 16.5 : 1.0  @ mesh lines 81 | 14 (y | z)
Maximum mesh face aspect ratio (y): 19.8 : 1.0  @ mesh lines 0 | 48 (z | x)
Maximum mesh face aspect ratio (z): 19.4 : 1.0  @ mesh lines 48 | 81 (x | y)
=============================================================================

============================================================================
Available resources to store TST cells: 2147234066 (860335.55% of mesh size)
============================================================================

------------------------------------------------------------------------------------------------
Geometry processing log
	PEC background is represented by CAD geometry: false
	Background shape: added
	Multithread portion: 100.00
	Number of CAD shapes: 4
	Number of lumps: 0
------------------------------------------------------------------------------------------------
=========================================
== CST Matrix Calculation Priority Log ==
=========================================
Priorities are sorted in ascending order beginning with the lowest priority
 
Group | Shape-ID | ShapeName | Material | User-priority | 2D/3D-Geometry | Material-attributes | Shape-attributes | Feature-ID | Schemetype
1 | 5 | </cst/Boundaries/> Low^X | $NFSMaterial$ | n/a | no | normal.vacuum. | boundary. | n/a | FIT_TD
1 | 6 | </cst/Boundaries/> Low^Y | $NFSMaterial$ | n/a | no | normal.vacuum. | boundary. | n/a | FIT_TD
1 | 7 | </cst/Boundaries/> Low^Z | $NFSMaterial$ | n/a | no | normal.vacuum. | boundary. | n/a | FIT_TD
1 | 8 | </cst/Boundaries/> Up^X | $NFSMaterial$ | n/a | no | normal.vacuum. | boundary. | n/a | FIT_TD
1 | 9 | </cst/Boundaries/> Up^Y | $NFSMaterial$ | n/a | no | normal.vacuum. | boundary. | n/a | FIT_TD
1 | 10 | </cst/Boundaries/> Up^Z | $NFSMaterial$ | n/a | no | normal.vacuum. | boundary. | n/a | FIT_TD
2 | 1 | component1:DIELECTRIC | FR-4 (lossy) | n/a | yes | dispersive-mue.normal. | solid. | n/a | FIT_TD
3 | 2 | component1:GND | Copper (annealed) | n/a | yes | pec.rho.surface-impedance. | solid. | n/a | FIT_TD
3 | 3 | component1:Microstrip | Copper (annealed) | n/a | yes | pec.rho.surface-impedance. | solid. | n/a | FIT_TD
3 | 4 | component1:Patch | Copper (annealed) | n/a | yes | pec.rho.surface-impedance. | solid. | n/a | FIT_TD
=========================================
************************************************************************************************
General settings
	PBA version: default
------------------------------------------------------------------------------------------------
Geometry processor: default
	Geo accuracy: 0.000000
	Watertightness check: true
	Self intersection check: false
	Inheritance (all): false
	Normal dominance (all): false
	Normal dominance (ports): false
	Flanges hollow: true
	One shape per flange: false
	Multi threading: true
		max # of threads used: 4
		requested max # of threads: 4
		representation: indexed
		method: multi thread
		retry: no
------------------------------------------------------------------------------------------------
CAD processing settings are set to default
------------------------------------------------------------------------------------------------
Connectivity settings
	Workflow selection: 0
	Workflow version: 20190101
	Gap detection: true
	Gap detection version: 2
	TST version: 2
	QQ workflow: true
	CoCo workflow: true
	Legacy topology: false
	Connectivity check: true
------------------------------------------------------------------------------------------------
------------------------------------------------------------------------------------------------
CAD Processing Version Info
	ACIS version installed:	33.0.1
	ACIS version used:	33.0.1
------------------------------------------------------------------------------------------------
Success method:	fb-multi-thread-22
************************************************************************************************

=======================
Finished CAD processing
=======================

<<<<<<<<<<<<<<<<<<<<<<<<<<<<<<<<<<<<<<<<<<
Mon Mon Nov  4 21:49:28 2024
Resource usage for processing CAD model:
	Runtime                 00:00:00.00333
	Peak Memory Usage:               18 MB
<<<<<<<<<<<<<<<<<<<<<<<<<<<<<<<<<<<<<<<<<<

------------------------------------------------------------
Parallelization Info
------------------------------------------------------------
Hyperthreading active: false
Hyperthreading used: false
Number of concurrent threads: 2
Number of concurrent threads using GPU: 0
Number of node domains: 8
Domains-to-threads scaling: 2
Average FI domain size: 2e+04
Nice mode: true
Delayed matrix calculation start: false
Load balancing: Version 20090403
Number of mesh fill domains: 12
Memory downscale: 1
Shared memory representation: read/write
CPU load: 50.00%
Emptiness: 0.00%
Hex mesh complexity: 0.23616
Geometric complexity: 0.00126
lower size limit of domain (1D): 60
------------------------------------------------------------
Node order
6, 1, 2, 3, 5, 7, 4, 0
------------------------------------------------------------

------------------------------------------------------------------
Matrix calculation job submit section 0
Currently running jobs: 0
Waiting jobs: 8
Concurrency for section: 2/2
Memory physically installed: 12.7711 GB
Memory currently available: 1.82291 GB
Memory already used: 10.9482 GB
Matrix calculation @ 1xN-Node 0006
	Mesh coverage: 3150000.00 %
	Estimated peak memory usage per node: 62 MB, tightness: 3.38 %
	GPU acceleration: off
	Processor group: 0
Matrix calculation @ 1xN-Node 0001
	Mesh coverage: 2331000.00 %
	Estimated peak memory usage per node: 61 MB, tightness: 3.34 %
	GPU acceleration: off
	Processor group: 0
Node distribution on 1 processor group: 2
------------------------------------------------------------------

------------------------------------------------------------------
Matrix calculation job submit section 1
Currently running jobs: 1
Waiting jobs: 6
Concurrency for section: 1/2
Memory physically installed: 12.7711 GB
Memory currently available: 1.67612 GB
Memory already used: 11.095 GB
Matrix calculation @ 1xN-Node 0002
	Mesh coverage: 3813000.00 %
	Estimated peak memory usage per node: 62 MB, tightness: 3.69 %
	GPU acceleration: off
	Processor group: 0
Node distribution on 1 processor group: 2
------------------------------------------------------------------

------------------------------------------------------------------
Matrix calculation job submit section 2
Currently running jobs: 1
Waiting jobs: 5
Concurrency for section: 1/2
Memory physically installed: 12.7711 GB
Memory currently available: 1.60862 GB
Memory already used: 11.1625 GB
Matrix calculation @ 1xN-Node 0003
	Mesh coverage: 3690000.00 %
	Estimated peak memory usage per node: 49 MB, tightness: 3.03 %
	GPU acceleration: off
	Processor group: 0
Node distribution on 1 processor group: 2
------------------------------------------------------------------

------------------------------------------------------------------
Matrix calculation job submit section 3
Currently running jobs: 1
Waiting jobs: 4
Concurrency for section: 1/2
Memory physically installed: 12.7711 GB
Memory currently available: 1.71569 GB
Memory already used: 11.0554 GB
Matrix calculation @ 1xN-Node 0005
	Mesh coverage: 3150000.00 %
	Estimated peak memory usage per node: 66 MB, tightness: 3.83 %
	GPU acceleration: off
	Processor group: 0
Node distribution on 1 processor group: 2
------------------------------------------------------------------

------------------------------------------------------------------
Matrix calculation job submit section 4
Currently running jobs: 1
Waiting jobs: 3
Concurrency for section: 1/2
Memory physically installed: 12.7711 GB
Memory currently available: 1.97273 GB
Memory already used: 10.7984 GB
Matrix calculation @ 1xN-Node 0007
	Mesh coverage: 3150000.00 %
	Estimated peak memory usage per node: 44 MB, tightness: 2.21 %
	GPU acceleration: off
	Processor group: 0
Node distribution on 1 processor group: 2
------------------------------------------------------------------

------------------------------------------------------------------
Matrix calculation job submit section 5
Currently running jobs: 1
Waiting jobs: 2
Concurrency for section: 1/2
Memory physically installed: 12.7711 GB
Memory currently available: 2.10542 GB
Memory already used: 10.6657 GB
Matrix calculation @ 1xN-Node 0004
	Mesh coverage: 3024000.00 %
	Estimated peak memory usage per node: 43 MB, tightness: 2.03 %
	GPU acceleration: off
	Processor group: 0
Node distribution on 1 processor group: 2
------------------------------------------------------------------

------------------------------------------------------------------
Matrix calculation job submit section 6
Currently running jobs: 1
Waiting jobs: 1
Concurrency for section: 1/2
Memory physically installed: 12.7711 GB
Memory currently available: 2.11322 GB
Memory already used: 10.6579 GB
Matrix calculation @ 1xN-Node 0000
	Mesh coverage: 2331000.00 %
	Estimated peak memory usage per node: 41 MB, tightness: 1.94 %
	GPU acceleration: off
	Processor group: 0
Node distribution on 1 processor group: 2
------------------------------------------------------------------

------------------------------------
Mesh: # of points excl. TSTs: 249581
      # of points incl. TSTs: 249581
------------------------------------

===========================================
Data rearrangement statistics:
Disk IO directories:	00:00:00.0019
Disk IO node domain files:	00:00:01.0554
Disk IO FI domain files:	00:00:00.0000
Disk IO meta information:	00:00:00.0112
Sequential merge (TST):	00:00:00.0000
===========================================

1xN000:  ========================================================================
         [Boundaries] - MCalc
         open-add-space, mpi, open-add-space, mpi, open-add-space, open-add-space
         ========================================================================

1xN000:  ========================================
         [Mesh] Matrix calculation - NO ACIS mode
         [Mesh] 1xN MPI or parallelization mode
         ========================================

1xN000:  =============================
         [Mesh] Expansion: 0 2 0 2 0 0
         =============================

1xN000:  ==================================================
         [Mesh] world: o(0000,0000,0000) e(0097,0083,0031)
         [Mesh] l-1xN: o(0000,0000,0000) e(0038,0022,0031)
         [Mesh] e-1xN: o(0000,0000,0000) e(0040,0024,0031)
         [Mesh] g-MPI: not available
         [Mesh] bound offset: (0 | 2 | 0)
         ==================================================

1xN000:  =================================================================================
          - hardware info
            + cpu name                    : Intel(R) Core(TM) i5-6440HQ CPU @ 2.60GHz
            + sockets                     : 1
            + cores per socket            : 4
            + hyperthreading              : off
            + max cpuid level             : 22
            + max cpuid ext. level        : 8
            + numa nodes                  : 1
            + internal cpu info           : CPUID: selected engine is 'Leaf 0xB detection'
         apic ids           : 0, 2, 4, 6
         apic ids (fallback): 0, 2, 4, 6
         from cpu registers: 0, 2, 4, 6
         fallback: 0, 2, 4, 6
         combined: 0, 2, 4, 6
         max id per cpu: 16
         SMT mask: 1
         Core mask: e
         Package mask: fffffff0
         set results:
           - packages: 1
           - cores: 4
           - smts: 1
         generate core map, new implementation
         0, 1, 2, 3
         packages: 1
         cores   : 4
         ht units: 1
          - pinning rule in use   : PINNING_RULE_MCALC_SKIP_ALL
          - desired group         : 0
          - num cores available   : 4
          - active core list from affinity:
            + num accessible procs          : 4
            + num logical procs             : 4
            + current affinity (env)        : 0,1,2,3
            + sockets ids in                : 0
            + core list                  (1): 0,1,2,3
          - active cores          : 0,1,2,3
          - skip pinning: + allowed number of sockets = available number of sockets
                          + hyperthreading off
         =================================================================================

1xN000:  ===================================================================================================
         Version: 2024.0 Release from 2023-09-01 (change 1164796) [Release]
         Workflow: PBA matrix coefficients
         Operation: [fpba, meshfill, bg, port-path, tst, tst-nextgen, coeff, surface-imp, connectivity-tree]
         Architecture: Windows, ID: AMD64
         System Windows-64bit
         Using processor group 0/1
         Matrix calculation information:
         # of Nodes: 8
         Concurrency: 2
         Start ID: 7
         Node ID: 0
         HEX Mesh information:
         Hex mesh: node: [hxr o(0 | 0 | 0) s(38 | 22 | 31) np (no TSTs): 25916]
         Hex mesh: extended: [hxr o(0 | 0 | 0) s(40 | 24 | 31) np (no TSTs): 29760]
         ===================================================================================================

1xN000:  -----------------------------------------------------
         Memory status on node "1xN000" for matrix calculation
         	Estimated memory consumption: 0.0410054 GB
         	Physical memory installed: 12.7711 GB
         	Available physical memory: 2.14048 GB
         	Available relative memory: 16.7603 %
         -----------------------------------------------------

1xN000:  >>>>>>>>>>>>>>>>>>>>>>>>>>>>>>>>>>>>>>>>>>>>>>>>>
         Mon Mon Nov  4 21:50:14 2024
         started: calculating matrix coefficients per node
         >>>>>>>>>>>>>>>>>>>>>>>>>>>>>>>>>>>>>>>>>>>>>>>>>

1xN000:  ============================================================
         Matrix computation (PBA)
         	[Perfect Boundary Approximation (PBA), version: default]
         	[GPU acceleration: off (by user)]
         Version: 2024.0 Release from 2023-09-01 (change 1164796)
         PBA version 2023101624
         Sub-Workflow: FARM-1xN-TST2-Node
         Workflow updated: -
         Mon Mon Nov  4 21:50:14 2024
         ============================================================

1xN000:  ---------------------------------------------
         Used point accuracy enhancement value: 0.00%.
         ---------------------------------------------

1xN000:  -------------------------------------------------
         Geometry representation: shared-attached
         Shared memory: read-only
         FARM allocation scheme: PA
         Parallelization: on, used

1xN000:  Gap-Detection activated for FARM-topology. Gaps are resolved, even partially.: gap tolerance value is 0.001000 and mesh geometry scale is 0.001000
1xN000:
1xN000:



1xN000:  ----------------------
         Acceleration mode: CPU
         ----------------------

1xN000:  Port homogenization method: M2H point index deviation
1xN000:  cccccccccccccccccccccccccccccccccccccccccccccccccccccccccccccccccccc
         FARM/Meshfill cache is set to 8 (local FI domains: 4, dynamic: true)
         cccccccccccccccccccccccccccccccccccccccccccccccccccccccccccccccccccc

1xN000:  =============================================================
         Hex cell analyzer settings:
         	max number of E fields per mesh edge: 2
         	max number of H fields per mesh face: 4
         	supporting dual grid: false
         	performance improvement: ROI limit: true
         	performance improvement: ROI threshold: 2
         	performance improvement: single topology extraction: true
         	performance improvement: pre-categorize cell volume: true
         	periodic align: 0
         	periodic cells: true
         	homogenization version: pid
         =============================================================

1xN000:  -------------------
         TST Statistics:
         E Split (0 | 0 | 0)
         E Adapt (0 | 0 | 0)
         B Split (0 | 0 | 0)
         B Adapt (0 | 0 | 0)
         -------------------

1xN000:  ssssssssssssssssssssssssssssssssssssssssss
         # of curls with SI accuracy enhancement: 0
         ssssssssssssssssssssssssssssssssssssssssss

1xN000:  ------------------------------------------------------------------------------
         PBA fill limit is applied in inverse mode.
         PBA fill limit is applied on faces filled with at least 97.69% metal material.
         --------------------------------------------------------------
         detailed accuracy settings:
         --------------------------------------------------------------
         augmented fill limit:       true
         augmented fill limit value: 97.69
         automatic fill limit:       true
         early fill limit:           true
         inverse fill limit:         true
         model complexity:           0.00
         legacy 2015:                false
         fixed point accuracy:       false
         minimum point accuracy:     0
         mesh step inheritance:      false
         accuracy mode:
         ------------------------------------------------------------------------------

1xN000:  =================================
         Finished matrix computation (PBA)
         =================================

1xN000:  <<<<<<<<<<<<<<<<<<<<<<<<<<<<<<<<<<<<<<<<<<<<<<<<<<<<<<<<<<<<
         Mon Mon Nov  4 21:50:20 2024
         Resource usage for calculating matrix coefficients per node:
         	Runtime                          00:00:06.00141
         	Peak Memory Estimation:                   41 MB
         	Peak Memory Usage:                        29 MB
         <<<<<<<<<<<<<<<<<<<<<<<<<<<<<<<<<<<<<<<<<<<<<<<<<<<<<<<<<<<<



1xN001:  =============================================================
         [Boundaries] - MCalc
         open-add-space, mpi, mpi, mpi, open-add-space, open-add-space
         =============================================================

1xN001:  ========================================
         [Mesh] Matrix calculation - NO ACIS mode
         [Mesh] 1xN MPI or parallelization mode
         ========================================

1xN001:  ==============================
         [Mesh] Expansion: 0 2 -2 2 0 0
         ==============================

1xN001:  ==================================================
         [Mesh] world: o(0000,0000,0000) e(0097,0083,0031)
         [Mesh] l-1xN: o(0000,0020,0000) e(0038,0042,0031)
         [Mesh] e-1xN: o(0000,0018,0000) e(0040,0044,0031)
         [Mesh] g-MPI: not available
         [Mesh] bound offset: (0 | 2 | -2)
         ==================================================

1xN001:  =================================================================================
          - hardware info
            + cpu name                    : Intel(R) Core(TM) i5-6440HQ CPU @ 2.60GHz
            + sockets                     : 1
            + cores per socket            : 4
            + hyperthreading              : off
            + max cpuid level             : 22
            + max cpuid ext. level        : 8
            + numa nodes                  : 1
            + internal cpu info           : CPUID: selected engine is 'Leaf 0xB detection'
         apic ids           : 0, 2, 4, 6
         apic ids (fallback): 0, 2, 4, 6
         from cpu registers: 0, 2, 4, 6
         fallback: 0, 2, 4, 6
         combined: 0, 2, 4, 6
         max id per cpu: 16
         SMT mask: 1
         Core mask: e
         Package mask: fffffff0
         set results:
           - packages: 1
           - cores: 4
           - smts: 1
         generate core map, new implementation
         0, 1, 2, 3
         packages: 1
         cores   : 4
         ht units: 1
          - pinning rule in use   : PINNING_RULE_MCALC_SKIP_ALL
          - desired group         : 0
          - num cores available   : 4
          - active core list from affinity:
            + num accessible procs          : 4
            + num logical procs             : 4
            + current affinity (env)        : 0,1,2,3
            + sockets ids in                : 0
            + core list                  (1): 0,1,2,3
          - active cores          : 0,1,2,3
          - skip pinning: + allowed number of sockets = available number of sockets
                          + hyperthreading off
         =================================================================================

1xN001:  ===================================================================================================
         Version: 2024.0 Release from 2023-09-01 (change 1164796) [Release]
         Workflow: PBA matrix coefficients
         Operation: [fpba, meshfill, bg, port-path, tst, tst-nextgen, coeff, surface-imp, connectivity-tree]
         Architecture: Windows, ID: AMD64
         System Windows-64bit
         Using processor group 0/1
         Matrix calculation information:
         # of Nodes: 8
         Concurrency: 2
         Start ID: 1
         Node ID: 1
         HEX Mesh information:
         Hex mesh: node: [hxr o(0 | 20 | 0) s(38 | 22 | 31) np (no TSTs): 25916]
         Hex mesh: extended: [hxr o(0 | 18 | 0) s(40 | 26 | 31) np (no TSTs): 32240]
         ===================================================================================================

1xN001:  -----------------------------------------------------
         Memory status on node "1xN001" for matrix calculation
         	Estimated memory consumption: 0.0608785 GB
         	Physical memory installed: 12.7711 GB
         	Available physical memory: 1.74235 GB
         	Available relative memory: 13.6429 %
         -----------------------------------------------------

1xN001:  >>>>>>>>>>>>>>>>>>>>>>>>>>>>>>>>>>>>>>>>>>>>>>>>>
         Mon Mon Nov  4 21:49:41 2024
         started: calculating matrix coefficients per node
         >>>>>>>>>>>>>>>>>>>>>>>>>>>>>>>>>>>>>>>>>>>>>>>>>

1xN001:  ============================================================
         Matrix computation (PBA)
         	[Perfect Boundary Approximation (PBA), version: default]
         	[GPU acceleration: off (by user)]
         Version: 2024.0 Release from 2023-09-01 (change 1164796)
         PBA version 2023101624
         Sub-Workflow: FARM-1xN-TST2-Node
         Workflow updated: -
         Mon Mon Nov  4 21:49:41 2024
         ============================================================

1xN001:  ---------------------------------------------
         Used point accuracy enhancement value: 0.00%.
         ---------------------------------------------

1xN001:  -------------------------------------------------
         Geometry representation: shared-attached
         Shared memory: read-only
         FARM allocation scheme: PA
         Parallelization: on, used

1xN001:  Gap-Detection activated for FARM-topology. Gaps are resolved, even partially.: gap tolerance value is 0.001000 and mesh geometry scale is 0.001000
1xN001:
1xN001:



>2024-10-04 21:49:43.00401< matrixcalc_AMD64 @ DESKTOP-L38PMSN: 1xN001:  !!!!!!!!!!!!!!!!!!!!!!!!!!!!!!!!!!!!!!!!!!!!!!!
                                                                         current system memory usage reached 90% (11 GB)
                                                                         !!!!!!!!!!!!!!!!!!!!!!!!!!!!!!!!!!!!!!!!!!!!!!!

1xN001:  ----------------------
         Acceleration mode: CPU
         ----------------------

1xN001:  Port homogenization method: M2H point index deviation
1xN001:  cccccccccccccccccccccccccccccccccccccccccccccccccccccccccccccccccccc
         FARM/Meshfill cache is set to 8 (local FI domains: 8, dynamic: true)
         cccccccccccccccccccccccccccccccccccccccccccccccccccccccccccccccccccc

1xN001:  =============================================================
         Hex cell analyzer settings:
         	max number of E fields per mesh edge: 2
         	max number of H fields per mesh face: 4
         	supporting dual grid: false
         	performance improvement: ROI limit: true
         	performance improvement: ROI threshold: 2
         	performance improvement: single topology extraction: true
         	performance improvement: pre-categorize cell volume: true
         	periodic align: 0
         	periodic cells: true
         	homogenization version: pid
         =============================================================

1xN001:  -------------------
         TST Statistics:
         E Split (0 | 0 | 0)
         E Adapt (0 | 0 | 0)
         B Split (0 | 0 | 0)
         B Adapt (0 | 0 | 0)
         -------------------

1xN001:  ssssssssssssssssssssssssssssssssssssssssss
         # of curls with SI accuracy enhancement: 0
         ssssssssssssssssssssssssssssssssssssssssss

1xN001:  ------------------------------------------------------------------------------
         PBA fill limit is applied in inverse mode.
         PBA fill limit is applied on faces filled with at least 97.69% metal material.
         --------------------------------------------------------------
         detailed accuracy settings:
         --------------------------------------------------------------
         augmented fill limit:       true
         augmented fill limit value: 97.69
         automatic fill limit:       true
         early fill limit:           true
         inverse fill limit:         true
         model complexity:           0.00
         legacy 2015:                false
         fixed point accuracy:       false
         minimum point accuracy:     0
         mesh step inheritance:      false
         accuracy mode:
         ------------------------------------------------------------------------------

1xN001:  =================================
         Finished matrix computation (PBA)
         =================================

1xN001:  <<<<<<<<<<<<<<<<<<<<<<<<<<<<<<<<<<<<<<<<<<<<<<<<<<<<<<<<<<<<
         Mon Mon Nov  4 21:49:50 2024
         Resource usage for calculating matrix coefficients per node:
         	Runtime                          00:00:09.00392
         	Peak Memory Estimation:                   61 MB
         	Peak Memory Usage:                        42 MB
         <<<<<<<<<<<<<<<<<<<<<<<<<<<<<<<<<<<<<<<<<<<<<<<<<<<<<<<<<<<<



1xN002:  =============================================================
         [Boundaries] - MCalc
         mpi, mpi, open-add-space, mpi, open-add-space, open-add-space
         =============================================================

1xN002:  ========================================
         [Mesh] Matrix calculation - NO ACIS mode
         [Mesh] 1xN MPI or parallelization mode
         ========================================

1xN002:  ==============================
         [Mesh] Expansion: -2 2 0 2 0 0
         ==============================

1xN002:  ==================================================
         [Mesh] world: o(0000,0000,0000) e(0097,0083,0031)
         [Mesh] l-1xN: o(0036,0000,0000) e(0068,0042,0031)
         [Mesh] e-1xN: o(0034,0000,0000) e(0070,0044,0031)
         [Mesh] g-MPI: not available
         [Mesh] bound offset: (-2 | 2 | 0)
         ==================================================

1xN002:  =================================================================================
          - hardware info
            + cpu name                    : Intel(R) Core(TM) i5-6440HQ CPU @ 2.60GHz
            + sockets                     : 1
            + cores per socket            : 4
            + hyperthreading              : off
            + max cpuid level             : 22
            + max cpuid ext. level        : 8
            + numa nodes                  : 1
            + internal cpu info           : CPUID: selected engine is 'Leaf 0xB detection'
         apic ids           : 0, 2, 4, 6
         apic ids (fallback): 0, 2, 4, 6
         from cpu registers: 0, 2, 4, 6
         fallback: 0, 2, 4, 6
         combined: 0, 2, 4, 6
         max id per cpu: 16
         SMT mask: 1
         Core mask: e
         Package mask: fffffff0
         set results:
           - packages: 1
           - cores: 4
           - smts: 1
         generate core map, new implementation
         0, 1, 2, 3
         packages: 1
         cores   : 4
         ht units: 1
          - pinning rule in use   : PINNING_RULE_MCALC_SKIP_ALL
          - desired group         : 0
          - num cores available   : 4
          - active core list from affinity:
            + num accessible procs          : 4
            + num logical procs             : 4
            + current affinity (env)        : 0,1,2,3
            + sockets ids in                : 0
            + core list                  (1): 0,1,2,3
          - active cores          : 0,1,2,3
          - skip pinning: + allowed number of sockets = available number of sockets
                          + hyperthreading off
         =================================================================================

1xN002:  ===================================================================================================
         Version: 2024.0 Release from 2023-09-01 (change 1164796) [Release]
         Workflow: PBA matrix coefficients
         Operation: [fpba, meshfill, bg, port-path, tst, tst-nextgen, coeff, surface-imp, connectivity-tree]
         Architecture: Windows, ID: AMD64
         System Windows-64bit
         Using processor group 0/1
         Matrix calculation information:
         # of Nodes: 8
         Concurrency: 2
         Start ID: 2
         Node ID: 2
         HEX Mesh information:
         Hex mesh: node: [hxr o(36 | 0 | 0) s(32 | 42 | 31) np (no TSTs): 41664]
         Hex mesh: extended: [hxr o(34 | 0 | 0) s(36 | 44 | 31) np (no TSTs): 49104]
         ===================================================================================================

1xN002:  -----------------------------------------------------
         Memory status on node "1xN002" for matrix calculation
         	Estimated memory consumption: 0.0617654 GB
         	Physical memory installed: 12.7711 GB
         	Available physical memory: 1.66763 GB
         	Available relative memory: 13.0578 %
         -----------------------------------------------------

1xN002:  >>>>>>>>>>>>>>>>>>>>>>>>>>>>>>>>>>>>>>>>>>>>>>>>>
         Mon Mon Nov  4 21:49:51 2024
         started: calculating matrix coefficients per node
         >>>>>>>>>>>>>>>>>>>>>>>>>>>>>>>>>>>>>>>>>>>>>>>>>

1xN002:  ============================================================
         Matrix computation (PBA)
         	[Perfect Boundary Approximation (PBA), version: default]
         	[GPU acceleration: off (by user)]
         Version: 2024.0 Release from 2023-09-01 (change 1164796)
         PBA version 2023101624
         Sub-Workflow: FARM-1xN-TST2-Node
         Workflow updated: -
         Mon Mon Nov  4 21:49:51 2024
         ============================================================

1xN002:  ---------------------------------------------
         Used point accuracy enhancement value: 0.00%.
         ---------------------------------------------

1xN002:  -------------------------------------------------
         Geometry representation: shared-attached
         Shared memory: read-only
         FARM allocation scheme: PA
         Parallelization: on, used

1xN002:  Gap-Detection activated for FARM-topology. Gaps are resolved, even partially.: gap tolerance value is 0.001000 and mesh geometry scale is 0.001000
1xN002:
1xN002:



>2024-10-04 21:49:55.00087< matrixcalc_AMD64 @ DESKTOP-L38PMSN: 1xN002:  !!!!!!!!!!!!!!!!!!!!!!!!!!!!!!!!!!!!!!!!!!!!!!!
                                                                         current system memory usage reached 90% (11 GB)
                                                                         !!!!!!!!!!!!!!!!!!!!!!!!!!!!!!!!!!!!!!!!!!!!!!!

1xN002:  ----------------------
         Acceleration mode: CPU
         ----------------------

1xN002:  Port homogenization method: M2H point index deviation
1xN002:  cccccccccccccccccccccccccccccccccccccccccccccccccccccccccccccccccccc
         FARM/Meshfill cache is set to 8 (local FI domains: 8, dynamic: true)
         cccccccccccccccccccccccccccccccccccccccccccccccccccccccccccccccccccc

1xN002:  =============================================================
         Hex cell analyzer settings:
         	max number of E fields per mesh edge: 2
         	max number of H fields per mesh face: 4
         	supporting dual grid: false
         	performance improvement: ROI limit: true
         	performance improvement: ROI threshold: 2
         	performance improvement: single topology extraction: true
         	performance improvement: pre-categorize cell volume: true
         	periodic align: 0
         	periodic cells: true
         	homogenization version: pid
         =============================================================

1xN002:  -------------------
         TST Statistics:
         E Split (0 | 0 | 0)
         E Adapt (0 | 0 | 0)
         B Split (0 | 0 | 0)
         B Adapt (0 | 0 | 0)
         -------------------

1xN002:  ssssssssssssssssssssssssssssssssssssssssss
         # of curls with SI accuracy enhancement: 0
         ssssssssssssssssssssssssssssssssssssssssss

1xN002:  ------------------------------------------------------------------------------
         PBA fill limit is applied in inverse mode.
         PBA fill limit is applied on faces filled with at least 97.69% metal material.
         --------------------------------------------------------------
         detailed accuracy settings:
         --------------------------------------------------------------
         augmented fill limit:       true
         augmented fill limit value: 97.69
         automatic fill limit:       true
         early fill limit:           true
         inverse fill limit:         true
         model complexity:           0.00
         legacy 2015:                false
         fixed point accuracy:       false
         minimum point accuracy:     0
         mesh step inheritance:      false
         accuracy mode:
         ------------------------------------------------------------------------------

1xN002:  --------------------------------------
         Glued 0 metal grid points in port area
         --------------------------------------

1xN002:  =================================
         Finished matrix computation (PBA)
         =================================

1xN002:  <<<<<<<<<<<<<<<<<<<<<<<<<<<<<<<<<<<<<<<<<<<<<<<<<<<<<<<<<<<<
         Mon Mon Nov  4 21:50:06 2024
         Resource usage for calculating matrix coefficients per node:
         	Runtime                          00:00:15.00552
         	Peak Memory Estimation:                   62 MB
         	Peak Memory Usage:                        78 MB
         <<<<<<<<<<<<<<<<<<<<<<<<<<<<<<<<<<<<<<<<<<<<<<<<<<<<<<<<<<<<



1xN003:  ========================================================================
         [Boundaries] - MCalc
         mpi, open-add-space, open-add-space, mpi, open-add-space, open-add-space
         ========================================================================

1xN003:  ========================================
         [Mesh] Matrix calculation - NO ACIS mode
         [Mesh] 1xN MPI or parallelization mode
         ========================================

1xN003:  ==============================
         [Mesh] Expansion: -2 0 0 2 0 0
         ==============================

1xN003:  ==================================================
         [Mesh] world: o(0000,0000,0000) e(0097,0083,0031)
         [Mesh] l-1xN: o(0066,0000,0000) e(0097,0042,0031)
         [Mesh] e-1xN: o(0064,0000,0000) e(0097,0044,0031)
         [Mesh] g-MPI: not available
         [Mesh] bound offset: (-2 | 0 | 0)
         ==================================================

1xN003:  =================================================================================
          - hardware info
            + cpu name                    : Intel(R) Core(TM) i5-6440HQ CPU @ 2.60GHz
            + sockets                     : 1
            + cores per socket            : 4
            + hyperthreading              : off
            + max cpuid level             : 22
            + max cpuid ext. level        : 8
            + numa nodes                  : 1
            + internal cpu info           : CPUID: selected engine is 'Leaf 0xB detection'
         apic ids           : 0, 2, 4, 6
         apic ids (fallback): 0, 2, 4, 6
         from cpu registers: 0, 2, 4, 6
         fallback: 0, 2, 4, 6
         combined: 0, 2, 4, 6
         max id per cpu: 16
         SMT mask: 1
         Core mask: e
         Package mask: fffffff0
         set results:
           - packages: 1
           - cores: 4
           - smts: 1
         generate core map, new implementation
         0, 1, 2, 3
         packages: 1
         cores   : 4
         ht units: 1
          - pinning rule in use   : PINNING_RULE_MCALC_SKIP_ALL
          - desired group         : 0
          - num cores available   : 4
          - active core list from affinity:
            + num accessible procs          : 4
            + num logical procs             : 4
            + current affinity (env)        : 0,1,2,3
            + sockets ids in                : 0
            + core list                  (1): 0,1,2,3
          - active cores          : 0,1,2,3
          - skip pinning: + allowed number of sockets = available number of sockets
                          + hyperthreading off
         =================================================================================

1xN003:  ===================================================================================================
         Version: 2024.0 Release from 2023-09-01 (change 1164796) [Release]
         Workflow: PBA matrix coefficients
         Operation: [fpba, meshfill, bg, port-path, tst, tst-nextgen, coeff, surface-imp, connectivity-tree]
         Architecture: Windows, ID: AMD64
         System Windows-64bit
         Using processor group 0/1
         Matrix calculation information:
         # of Nodes: 8
         Concurrency: 2
         Start ID: 3
         Node ID: 3
         HEX Mesh information:
         Hex mesh: node: [hxr o(66 | 0 | 0) s(31 | 42 | 31) np (no TSTs): 40362]
         Hex mesh: extended: [hxr o(64 | 0 | 0) s(33 | 44 | 31) np (no TSTs): 45012]
         ===================================================================================================

1xN003:  -----------------------------------------------------
         Memory status on node "1xN003" for matrix calculation
         	Estimated memory consumption: 0.0487518 GB
         	Physical memory installed: 12.7711 GB
         	Available physical memory: 1.66586 GB
         	Available relative memory: 13.044 %
         -----------------------------------------------------

1xN003:  >>>>>>>>>>>>>>>>>>>>>>>>>>>>>>>>>>>>>>>>>>>>>>>>>
         Mon Mon Nov  4 21:49:54 2024
         started: calculating matrix coefficients per node
         >>>>>>>>>>>>>>>>>>>>>>>>>>>>>>>>>>>>>>>>>>>>>>>>>

1xN003:  ============================================================
         Matrix computation (PBA)
         	[Perfect Boundary Approximation (PBA), version: default]
         	[GPU acceleration: off (by user)]
         Version: 2024.0 Release from 2023-09-01 (change 1164796)
         PBA version 2023101624
         Sub-Workflow: FARM-1xN-TST2-Node
         Workflow updated: -
         Mon Mon Nov  4 21:49:54 2024
         ============================================================

1xN003:  ---------------------------------------------
         Used point accuracy enhancement value: 0.00%.
         ---------------------------------------------

1xN003:  -------------------------------------------------
         Geometry representation: shared-attached
         Shared memory: read-only
         FARM allocation scheme: PA
         Parallelization: on, used

1xN003:  Gap-Detection activated for FARM-topology. Gaps are resolved, even partially.: gap tolerance value is 0.001000 and mesh geometry scale is 0.001000
1xN003:
1xN003:



1xN003:  ----------------------
         Acceleration mode: CPU
         ----------------------

1xN003:  Port homogenization method: M2H point index deviation
1xN003:  cccccccccccccccccccccccccccccccccccccccccccccccccccccccccccccccccccc
         FARM/Meshfill cache is set to 8 (local FI domains: 4, dynamic: true)
         cccccccccccccccccccccccccccccccccccccccccccccccccccccccccccccccccccc

1xN003:  =============================================================
         Hex cell analyzer settings:
         	max number of E fields per mesh edge: 2
         	max number of H fields per mesh face: 4
         	supporting dual grid: false
         	performance improvement: ROI limit: true
         	performance improvement: ROI threshold: 2
         	performance improvement: single topology extraction: true
         	performance improvement: pre-categorize cell volume: true
         	periodic align: 0
         	periodic cells: true
         	homogenization version: pid
         =============================================================

1xN003:  -------------------
         TST Statistics:
         E Split (0 | 0 | 0)
         E Adapt (0 | 0 | 0)
         B Split (0 | 0 | 0)
         B Adapt (0 | 0 | 0)
         -------------------

>2024-10-04 21:49:59.00495< matrixcalc_AMD64 @ DESKTOP-L38PMSN: 1xN003:  !!!!!!!!!!!!!!!!!!!!!!!!!!!!!!!!!!!!!!!!!!!!!!!
                                                                         current system memory usage reached 90% (11 GB)
                                                                         !!!!!!!!!!!!!!!!!!!!!!!!!!!!!!!!!!!!!!!!!!!!!!!

1xN003:  ssssssssssssssssssssssssssssssssssssssssss
         # of curls with SI accuracy enhancement: 0
         ssssssssssssssssssssssssssssssssssssssssss

1xN003:  ------------------------------------------------------------------------------
         PBA fill limit is applied in inverse mode.
         PBA fill limit is applied on faces filled with at least 97.69% metal material.
         --------------------------------------------------------------
         detailed accuracy settings:
         --------------------------------------------------------------
         augmented fill limit:       true
         augmented fill limit value: 97.69
         automatic fill limit:       true
         early fill limit:           true
         inverse fill limit:         true
         model complexity:           0.00
         legacy 2015:                false
         fixed point accuracy:       false
         minimum point accuracy:     0
         mesh step inheritance:      false
         accuracy mode:
         ------------------------------------------------------------------------------

1xN003:  =================================
         Finished matrix computation (PBA)
         =================================

1xN003:  <<<<<<<<<<<<<<<<<<<<<<<<<<<<<<<<<<<<<<<<<<<<<<<<<<<<<<<<<<<<
         Mon Mon Nov  4 21:50:01 2024
         Resource usage for calculating matrix coefficients per node:
         	Runtime                          00:00:07.00051
         	Peak Memory Estimation:                   49 MB
         	Peak Memory Usage:                        41 MB
         <<<<<<<<<<<<<<<<<<<<<<<<<<<<<<<<<<<<<<<<<<<<<<<<<<<<<<<<<<<<



1xN004:  ========================================================================
         [Boundaries] - MCalc
         open-add-space, mpi, mpi, open-add-space, open-add-space, open-add-space
         ========================================================================

1xN004:  ========================================
         [Mesh] Matrix calculation - NO ACIS mode
         [Mesh] 1xN MPI or parallelization mode
         ========================================

1xN004:  ==============================
         [Mesh] Expansion: 0 2 -2 0 0 0
         ==============================

1xN004:  ==================================================
         [Mesh] world: o(0000,0000,0000) e(0097,0083,0031)
         [Mesh] l-1xN: o(0000,0040,0000) e(0025,0083,0031)
         [Mesh] e-1xN: o(0000,0038,0000) e(0027,0083,0031)
         [Mesh] g-MPI: not available
         [Mesh] bound offset: (0 | 2 | -2)
         ==================================================

1xN004:  =================================================================================
          - hardware info
            + cpu name                    : Intel(R) Core(TM) i5-6440HQ CPU @ 2.60GHz
            + sockets                     : 1
            + cores per socket            : 4
            + hyperthreading              : off
            + max cpuid level             : 22
            + max cpuid ext. level        : 8
            + numa nodes                  : 1
            + internal cpu info           : CPUID: selected engine is 'Leaf 0xB detection'
         apic ids           : 0, 2, 4, 6
         apic ids (fallback): 0, 2, 4, 6
         from cpu registers: 0, 2, 4, 6
         fallback: 0, 2, 4, 6
         combined: 0, 2, 4, 6
         max id per cpu: 16
         SMT mask: 1
         Core mask: e
         Package mask: fffffff0
         set results:
           - packages: 1
           - cores: 4
           - smts: 1
         generate core map, new implementation
         0, 1, 2, 3
         packages: 1
         cores   : 4
         ht units: 1
          - pinning rule in use   : PINNING_RULE_MCALC_SKIP_ALL
          - desired group         : 0
          - num cores available   : 4
          - active core list from affinity:
            + num accessible procs          : 4
            + num logical procs             : 4
            + current affinity (env)        : 0,1,2,3
            + sockets ids in                : 0
            + core list                  (1): 0,1,2,3
          - active cores          : 0,1,2,3
          - skip pinning: + allowed number of sockets = available number of sockets
                          + hyperthreading off
         =================================================================================

1xN004:  ===================================================================================================
         Version: 2024.0 Release from 2023-09-01 (change 1164796) [Release]
         Workflow: PBA matrix coefficients
         Operation: [fpba, meshfill, bg, port-path, tst, tst-nextgen, coeff, surface-imp, connectivity-tree]
         Architecture: Windows, ID: AMD64
         System Windows-64bit
         Using processor group 0/1
         Matrix calculation information:
         # of Nodes: 8
         Concurrency: 2
         Start ID: 6
         Node ID: 4
         HEX Mesh information:
         Hex mesh: node: [hxr o(0 | 40 | 0) s(25 | 43 | 31) np (no TSTs): 33325]
         Hex mesh: extended: [hxr o(0 | 38 | 0) s(27 | 45 | 31) np (no TSTs): 37665]
         ===================================================================================================

1xN004:  -----------------------------------------------------
         Memory status on node "1xN004" for matrix calculation
         	Estimated memory consumption: 0.0426737 GB
         	Physical memory installed: 12.7711 GB
         	Available physical memory: 2.14087 GB
         	Available relative memory: 16.7634 %
         -----------------------------------------------------

1xN004:  >>>>>>>>>>>>>>>>>>>>>>>>>>>>>>>>>>>>>>>>>>>>>>>>>
         Mon Mon Nov  4 21:50:13 2024
         started: calculating matrix coefficients per node
         >>>>>>>>>>>>>>>>>>>>>>>>>>>>>>>>>>>>>>>>>>>>>>>>>

1xN004:  ============================================================
         Matrix computation (PBA)
         	[Perfect Boundary Approximation (PBA), version: default]
         	[GPU acceleration: off (by user)]
         Version: 2024.0 Release from 2023-09-01 (change 1164796)
         PBA version 2023101624
         Sub-Workflow: FARM-1xN-TST2-Node
         Workflow updated: -
         Mon Mon Nov  4 21:50:13 2024
         ============================================================

1xN004:  ---------------------------------------------
         Used point accuracy enhancement value: 0.00%.
         ---------------------------------------------

1xN004:  -------------------------------------------------
         Geometry representation: shared-attached
         Shared memory: read-only
         FARM allocation scheme: PA
         Parallelization: on, used

1xN004:  Gap-Detection activated for FARM-topology. Gaps are resolved, even partially.: gap tolerance value is 0.001000 and mesh geometry scale is 0.001000
1xN004:
1xN004:



1xN004:  ----------------------
         Acceleration mode: CPU
         ----------------------

1xN004:  Port homogenization method: M2H point index deviation
1xN004:  cccccccccccccccccccccccccccccccccccccccccccccccccccccccccccccccccccc
         FARM/Meshfill cache is set to 8 (local FI domains: 4, dynamic: true)
         cccccccccccccccccccccccccccccccccccccccccccccccccccccccccccccccccccc

1xN004:  =============================================================
         Hex cell analyzer settings:
         	max number of E fields per mesh edge: 2
         	max number of H fields per mesh face: 4
         	supporting dual grid: false
         	performance improvement: ROI limit: true
         	performance improvement: ROI threshold: 2
         	performance improvement: single topology extraction: true
         	performance improvement: pre-categorize cell volume: true
         	periodic align: 0
         	periodic cells: true
         	homogenization version: pid
         =============================================================

1xN004:  -------------------
         TST Statistics:
         E Split (0 | 0 | 0)
         E Adapt (0 | 0 | 0)
         B Split (0 | 0 | 0)
         B Adapt (0 | 0 | 0)
         -------------------

1xN004:  ssssssssssssssssssssssssssssssssssssssssss
         # of curls with SI accuracy enhancement: 0
         ssssssssssssssssssssssssssssssssssssssssss

1xN004:  ------------------------------------------------------------------------------
         PBA fill limit is applied in inverse mode.
         PBA fill limit is applied on faces filled with at least 97.69% metal material.
         --------------------------------------------------------------
         detailed accuracy settings:
         --------------------------------------------------------------
         augmented fill limit:       true
         augmented fill limit value: 97.69
         automatic fill limit:       true
         early fill limit:           true
         inverse fill limit:         true
         model complexity:           0.00
         legacy 2015:                false
         fixed point accuracy:       false
         minimum point accuracy:     0
         mesh step inheritance:      false
         accuracy mode:
         ------------------------------------------------------------------------------

1xN004:  =================================
         Finished matrix computation (PBA)
         =================================

1xN004:  <<<<<<<<<<<<<<<<<<<<<<<<<<<<<<<<<<<<<<<<<<<<<<<<<<<<<<<<<<<<
         Mon Mon Nov  4 21:50:20 2024
         Resource usage for calculating matrix coefficients per node:
         	Runtime                          00:00:06.00686
         	Peak Memory Estimation:                   43 MB
         	Peak Memory Usage:                        34 MB
         <<<<<<<<<<<<<<<<<<<<<<<<<<<<<<<<<<<<<<<<<<<<<<<<<<<<<<<<<<<<



1xN005:  =============================================================
         [Boundaries] - MCalc
         mpi, mpi, mpi, open-add-space, open-add-space, open-add-space
         =============================================================

1xN005:  ========================================
         [Mesh] Matrix calculation - NO ACIS mode
         [Mesh] 1xN MPI or parallelization mode
         ========================================

1xN005:  ===============================
         [Mesh] Expansion: -2 2 -2 0 0 0
         ===============================

1xN005:  ==================================================
         [Mesh] world: o(0000,0000,0000) e(0097,0083,0031)
         [Mesh] l-1xN: o(0023,0040,0000) e(0049,0083,0031)
         [Mesh] e-1xN: o(0021,0038,0000) e(0051,0083,0031)
         [Mesh] g-MPI: not available
         [Mesh] bound offset: (-2 | 2 | -2)
         ==================================================

1xN005:  =================================================================================
          - hardware info
            + cpu name                    : Intel(R) Core(TM) i5-6440HQ CPU @ 2.60GHz
            + sockets                     : 1
            + cores per socket            : 4
            + hyperthreading              : off
            + max cpuid level             : 22
            + max cpuid ext. level        : 8
            + numa nodes                  : 1
            + internal cpu info           : CPUID: selected engine is 'Leaf 0xB detection'
         apic ids           : 0, 2, 4, 6
         apic ids (fallback): 0, 2, 4, 6
         from cpu registers: 0, 2, 4, 6
         fallback: 0, 2, 4, 6
         combined: 0, 2, 4, 6
         max id per cpu: 16
         SMT mask: 1
         Core mask: e
         Package mask: fffffff0
         set results:
           - packages: 1
           - cores: 4
           - smts: 1
         generate core map, new implementation
         0, 1, 2, 3
         packages: 1
         cores   : 4
         ht units: 1
          - pinning rule in use   : PINNING_RULE_MCALC_SKIP_ALL
          - desired group         : 0
          - num cores available   : 4
          - active core list from affinity:
            + num accessible procs          : 4
            + num logical procs             : 4
            + current affinity (env)        : 0,1,2,3
            + sockets ids in                : 0
            + core list                  (1): 0,1,2,3
          - active cores          : 0,1,2,3
          - skip pinning: + allowed number of sockets = available number of sockets
                          + hyperthreading off
         =================================================================================

1xN005:  ===================================================================================================
         Version: 2024.0 Release from 2023-09-01 (change 1164796) [Release]
         Workflow: PBA matrix coefficients
         Operation: [fpba, meshfill, bg, port-path, tst, tst-nextgen, coeff, surface-imp, connectivity-tree]
         Architecture: Windows, ID: AMD64
         System Windows-64bit
         Using processor group 0/1
         Matrix calculation information:
         # of Nodes: 8
         Concurrency: 2
         Start ID: 4
         Node ID: 5
         HEX Mesh information:
         Hex mesh: node: [hxr o(23 | 40 | 0) s(26 | 43 | 31) np (no TSTs): 34658]
         Hex mesh: extended: [hxr o(21 | 38 | 0) s(30 | 45 | 31) np (no TSTs): 41850]
         ===================================================================================================

1xN005:  -----------------------------------------------------
         Memory status on node "1xN005" for matrix calculation
         	Estimated memory consumption: 0.0656715 GB
         	Physical memory installed: 12.7711 GB
         	Available physical memory: 1.72618 GB
         	Available relative memory: 13.5163 %
         -----------------------------------------------------

1xN005:  >>>>>>>>>>>>>>>>>>>>>>>>>>>>>>>>>>>>>>>>>>>>>>>>>
         Mon Mon Nov  4 21:50:02 2024
         started: calculating matrix coefficients per node
         >>>>>>>>>>>>>>>>>>>>>>>>>>>>>>>>>>>>>>>>>>>>>>>>>

1xN005:  ============================================================
         Matrix computation (PBA)
         	[Perfect Boundary Approximation (PBA), version: default]
         	[GPU acceleration: off (by user)]
         Version: 2024.0 Release from 2023-09-01 (change 1164796)
         PBA version 2023101624
         Sub-Workflow: FARM-1xN-TST2-Node
         Workflow updated: -
         Mon Mon Nov  4 21:50:02 2024
         ============================================================

1xN005:  ---------------------------------------------
         Used point accuracy enhancement value: 0.00%.
         ---------------------------------------------

1xN005:  -------------------------------------------------
         Geometry representation: shared-attached
         Shared memory: read-only
         FARM allocation scheme: PA
         Parallelization: on, used

1xN005:  Gap-Detection activated for FARM-topology. Gaps are resolved, even partially.: gap tolerance value is 0.001000 and mesh geometry scale is 0.001000
1xN005:
1xN005:



1xN005:  ----------------------
         Acceleration mode: CPU
         ----------------------

1xN005:  Port homogenization method: M2H point index deviation
1xN005:  cccccccccccccccccccccccccccccccccccccccccccccccccccccccccccccccccccc
         FARM/Meshfill cache is set to 8 (local FI domains: 8, dynamic: true)
         cccccccccccccccccccccccccccccccccccccccccccccccccccccccccccccccccccc

1xN005:  =============================================================
         Hex cell analyzer settings:
         	max number of E fields per mesh edge: 2
         	max number of H fields per mesh face: 4
         	supporting dual grid: false
         	performance improvement: ROI limit: true
         	performance improvement: ROI threshold: 2
         	performance improvement: single topology extraction: true
         	performance improvement: pre-categorize cell volume: true
         	periodic align: 0
         	periodic cells: true
         	homogenization version: pid
         =============================================================

1xN005:  -------------------
         TST Statistics:
         E Split (0 | 0 | 0)
         E Adapt (0 | 0 | 0)
         B Split (0 | 0 | 0)
         B Adapt (0 | 0 | 0)
         -------------------

1xN005:  ssssssssssssssssssssssssssssssssssssssssss
         # of curls with SI accuracy enhancement: 0
         ssssssssssssssssssssssssssssssssssssssssss

1xN005:  ------------------------------------------------------------------------------
         PBA fill limit is applied in inverse mode.
         PBA fill limit is applied on faces filled with at least 97.69% metal material.
         --------------------------------------------------------------
         detailed accuracy settings:
         --------------------------------------------------------------
         augmented fill limit:       true
         augmented fill limit value: 97.69
         automatic fill limit:       true
         early fill limit:           true
         inverse fill limit:         true
         model complexity:           0.00
         legacy 2015:                false
         fixed point accuracy:       false
         minimum point accuracy:     0
         mesh step inheritance:      false
         accuracy mode:
         ------------------------------------------------------------------------------

1xN005:  =================================
         Finished matrix computation (PBA)
         =================================

1xN005:  <<<<<<<<<<<<<<<<<<<<<<<<<<<<<<<<<<<<<<<<<<<<<<<<<<<<<<<<<<<<
         Mon Mon Nov  4 21:50:13 2024
         Resource usage for calculating matrix coefficients per node:
         	Runtime                          00:00:10.00654
         	Peak Memory Estimation:                   66 MB
         	Peak Memory Usage:                        44 MB
         <<<<<<<<<<<<<<<<<<<<<<<<<<<<<<<<<<<<<<<<<<<<<<<<<<<<<<<<<<<<



1xN006:  =============================================================
         [Boundaries] - MCalc
         mpi, mpi, mpi, open-add-space, open-add-space, open-add-space
         =============================================================

1xN006:  ========================================
         [Mesh] Matrix calculation - NO ACIS mode
         [Mesh] 1xN MPI or parallelization mode
         ========================================

1xN006:  ===============================
         [Mesh] Expansion: -2 2 -2 0 0 0
         ===============================

1xN006:  ==================================================
         [Mesh] world: o(0000,0000,0000) e(0097,0083,0031)
         [Mesh] l-1xN: o(0047,0040,0000) e(0073,0083,0031)
         [Mesh] e-1xN: o(0045,0038,0000) e(0075,0083,0031)
         [Mesh] g-MPI: not available
         [Mesh] bound offset: (-2 | 2 | -2)
         ==================================================

1xN006:  =================================================================================
          - hardware info
            + cpu name                    : Intel(R) Core(TM) i5-6440HQ CPU @ 2.60GHz
            + sockets                     : 1
            + cores per socket            : 4
            + hyperthreading              : off
            + max cpuid level             : 22
            + max cpuid ext. level        : 8
            + numa nodes                  : 1
            + internal cpu info           : CPUID: selected engine is 'Leaf 0xB detection'
         apic ids           : 0, 2, 4, 6
         apic ids (fallback): 0, 2, 4, 6
         from cpu registers: 0, 2, 4, 6
         fallback: 0, 2, 4, 6
         combined: 0, 2, 4, 6
         max id per cpu: 16
         SMT mask: 1
         Core mask: e
         Package mask: fffffff0
         set results:
           - packages: 1
           - cores: 4
           - smts: 1
         generate core map, new implementation
         0, 1, 2, 3
         packages: 1
         cores   : 4
         ht units: 1
          - pinning rule in use   : PINNING_RULE_MCALC_SKIP_ALL
          - desired group         : 0
          - num cores available   : 4
          - active core list from affinity:
            + num accessible procs          : 4
            + num logical procs             : 4
            + current affinity (env)        : 0,1,2,3
            + sockets ids in                : 0
            + core list                  (1): 0,1,2,3
          - active cores          : 0,1,2,3
          - skip pinning: + allowed number of sockets = available number of sockets
                          + hyperthreading off
         =================================================================================

1xN006:  ===================================================================================================
         Version: 2024.0 Release from 2023-09-01 (change 1164796) [Release]
         Workflow: PBA matrix coefficients
         Operation: [fpba, meshfill, bg, port-path, tst, tst-nextgen, coeff, surface-imp, connectivity-tree]
         Architecture: Windows, ID: AMD64
         System Windows-64bit
         Using processor group 0/1
         Matrix calculation information:
         # of Nodes: 8
         Concurrency: 2
         Start ID: 0
         Node ID: 6
         HEX Mesh information:
         Hex mesh: node: [hxr o(47 | 40 | 0) s(26 | 43 | 31) np (no TSTs): 34658]
         Hex mesh: extended: [hxr o(45 | 38 | 0) s(30 | 45 | 31) np (no TSTs): 41850]
         ===================================================================================================

1xN006:  -----------------------------------------------------
         Memory status on node "1xN006" for matrix calculation
         	Estimated memory consumption: 0.0615691 GB
         	Physical memory installed: 12.7711 GB
         	Available physical memory: 1.74225 GB
         	Available relative memory: 13.6422 %
         -----------------------------------------------------

1xN006:  >>>>>>>>>>>>>>>>>>>>>>>>>>>>>>>>>>>>>>>>>>>>>>>>>
         Mon Mon Nov  4 21:49:41 2024
         started: calculating matrix coefficients per node
         >>>>>>>>>>>>>>>>>>>>>>>>>>>>>>>>>>>>>>>>>>>>>>>>>

1xN006:  ============================================================
         Matrix computation (PBA)
         	[Perfect Boundary Approximation (PBA), version: default]
         	[GPU acceleration: off (by user)]
         Version: 2024.0 Release from 2023-09-01 (change 1164796)
         PBA version 2023101624
         Sub-Workflow: FARM-1xN-TST2-Node
         Workflow updated: -
         Mon Mon Nov  4 21:49:41 2024
         ============================================================

1xN006:  ---------------------------------------------
         Used point accuracy enhancement value: 0.00%.
         ---------------------------------------------

1xN006:  -------------------------------------------------
         Geometry representation: shared-attached
         Shared memory: read-only
         FARM allocation scheme: PA
         Parallelization: on, used

1xN006:  Gap-Detection activated for FARM-topology. Gaps are resolved, even partially.: gap tolerance value is 0.001000 and mesh geometry scale is 0.001000
1xN006:
1xN006:



1xN006:  ----------------------
         Acceleration mode: CPU
         ----------------------

1xN006:  Port homogenization method: M2H point index deviation
1xN006:  cccccccccccccccccccccccccccccccccccccccccccccccccccccccccccccccccccc
         FARM/Meshfill cache is set to 8 (local FI domains: 8, dynamic: true)
         cccccccccccccccccccccccccccccccccccccccccccccccccccccccccccccccccccc

1xN006:  =============================================================
         Hex cell analyzer settings:
         	max number of E fields per mesh edge: 2
         	max number of H fields per mesh face: 4
         	supporting dual grid: false
         	performance improvement: ROI limit: true
         	performance improvement: ROI threshold: 2
         	performance improvement: single topology extraction: true
         	performance improvement: pre-categorize cell volume: true
         	periodic align: 0
         	periodic cells: true
         	homogenization version: pid
         =============================================================

1xN006:  -------------------
         TST Statistics:
         E Split (0 | 0 | 0)
         E Adapt (0 | 0 | 0)
         B Split (0 | 0 | 0)
         B Adapt (0 | 0 | 0)
         -------------------

>2024-10-04 21:49:51.00742< matrixcalc_AMD64 @ DESKTOP-L38PMSN: 1xN006:  !!!!!!!!!!!!!!!!!!!!!!!!!!!!!!!!!!!!!!!!!!!!!!!
                                                                         current system memory usage reached 90% (11 GB)
                                                                         !!!!!!!!!!!!!!!!!!!!!!!!!!!!!!!!!!!!!!!!!!!!!!!

1xN006:  ssssssssssssssssssssssssssssssssssssssssss
         # of curls with SI accuracy enhancement: 0
         ssssssssssssssssssssssssssssssssssssssssss

1xN006:  ------------------------------------------------------------------------------
         PBA fill limit is applied in inverse mode.
         PBA fill limit is applied on faces filled with at least 97.69% metal material.
         --------------------------------------------------------------
         detailed accuracy settings:
         --------------------------------------------------------------
         augmented fill limit:       true
         augmented fill limit value: 97.69
         automatic fill limit:       true
         early fill limit:           true
         inverse fill limit:         true
         model complexity:           0.00
         legacy 2015:                false
         fixed point accuracy:       false
         minimum point accuracy:     0
         mesh step inheritance:      false
         accuracy mode:
         ------------------------------------------------------------------------------

1xN006:  =================================
         Finished matrix computation (PBA)
         =================================

1xN006:  <<<<<<<<<<<<<<<<<<<<<<<<<<<<<<<<<<<<<<<<<<<<<<<<<<<<<<<<<<<<
         Mon Mon Nov  4 21:49:54 2024
         Resource usage for calculating matrix coefficients per node:
         	Runtime                          00:00:13.00038
         	Peak Memory Estimation:                   62 MB
         	Peak Memory Usage:                        50 MB
         <<<<<<<<<<<<<<<<<<<<<<<<<<<<<<<<<<<<<<<<<<<<<<<<<<<<<<<<<<<<



1xN007:  ========================================================================
         [Boundaries] - MCalc
         mpi, open-add-space, mpi, open-add-space, open-add-space, open-add-space
         ========================================================================

1xN007:  ========================================
         [Mesh] Matrix calculation - NO ACIS mode
         [Mesh] 1xN MPI or parallelization mode
         ========================================

1xN007:  ===============================
         [Mesh] Expansion: -2 0 -2 0 0 0
         ===============================

1xN007:  ==================================================
         [Mesh] world: o(0000,0000,0000) e(0097,0083,0031)
         [Mesh] l-1xN: o(0071,0040,0000) e(0097,0083,0031)
         [Mesh] e-1xN: o(0069,0038,0000) e(0097,0083,0031)
         [Mesh] g-MPI: not available
         [Mesh] bound offset: (-2 | 0 | -2)
         ==================================================

1xN007:  =================================================================================
          - hardware info
            + cpu name                    : Intel(R) Core(TM) i5-6440HQ CPU @ 2.60GHz
            + sockets                     : 1
            + cores per socket            : 4
            + hyperthreading              : off
            + max cpuid level             : 22
            + max cpuid ext. level        : 8
            + numa nodes                  : 1
            + internal cpu info           : CPUID: selected engine is 'Leaf 0xB detection'
         apic ids           : 0, 2, 4, 6
         apic ids (fallback): 0, 2, 4, 6
         from cpu registers: 0, 2, 4, 6
         fallback: 0, 2, 4, 6
         combined: 0, 2, 4, 6
         max id per cpu: 16
         SMT mask: 1
         Core mask: e
         Package mask: fffffff0
         set results:
           - packages: 1
           - cores: 4
           - smts: 1
         generate core map, new implementation
         0, 1, 2, 3
         packages: 1
         cores   : 4
         ht units: 1
          - pinning rule in use   : PINNING_RULE_MCALC_SKIP_ALL
          - desired group         : 0
          - num cores available   : 4
          - active core list from affinity:
            + num accessible procs          : 4
            + num logical procs             : 4
            + current affinity (env)        : 0,1,2,3
            + sockets ids in                : 0
            + core list                  (1): 0,1,2,3
          - active cores          : 0,1,2,3
          - skip pinning: + allowed number of sockets = available number of sockets
                          + hyperthreading off
         =================================================================================

1xN007:  ===================================================================================================
         Version: 2024.0 Release from 2023-09-01 (change 1164796) [Release]
         Workflow: PBA matrix coefficients
         Operation: [fpba, meshfill, bg, port-path, tst, tst-nextgen, coeff, surface-imp, connectivity-tree]
         Architecture: Windows, ID: AMD64
         System Windows-64bit
         Using processor group 0/1
         Matrix calculation information:
         # of Nodes: 8
         Concurrency: 2
         Start ID: 5
         Node ID: 7
         HEX Mesh information:
         Hex mesh: node: [hxr o(71 | 40 | 0) s(26 | 43 | 31) np (no TSTs): 34658]
         Hex mesh: extended: [hxr o(69 | 38 | 0) s(28 | 45 | 31) np (no TSTs): 39060]
         ===================================================================================================

1xN007:  -----------------------------------------------------
         Memory status on node "1xN007" for matrix calculation
         	Estimated memory consumption: 0.0435172 GB
         	Physical memory installed: 12.7711 GB
         	Available physical memory: 2.09106 GB
         	Available relative memory: 16.3734 %
         -----------------------------------------------------

1xN007:  >>>>>>>>>>>>>>>>>>>>>>>>>>>>>>>>>>>>>>>>>>>>>>>>>
         Mon Mon Nov  4 21:50:07 2024
         started: calculating matrix coefficients per node
         >>>>>>>>>>>>>>>>>>>>>>>>>>>>>>>>>>>>>>>>>>>>>>>>>

1xN007:  ============================================================
         Matrix computation (PBA)
         	[Perfect Boundary Approximation (PBA), version: default]
         	[GPU acceleration: off (by user)]
         Version: 2024.0 Release from 2023-09-01 (change 1164796)
         PBA version 2023101624
         Sub-Workflow: FARM-1xN-TST2-Node
         Workflow updated: -
         Mon Mon Nov  4 21:50:07 2024
         ============================================================

1xN007:  ---------------------------------------------
         Used point accuracy enhancement value: 0.00%.
         ---------------------------------------------

1xN007:  -------------------------------------------------
         Geometry representation: shared-attached
         Shared memory: read-only
         FARM allocation scheme: PA
         Parallelization: on, used

1xN007:  Gap-Detection activated for FARM-topology. Gaps are resolved, even partially.: gap tolerance value is 0.001000 and mesh geometry scale is 0.001000
1xN007:
1xN007:



1xN007:  ----------------------
         Acceleration mode: CPU
         ----------------------

1xN007:  Port homogenization method: M2H point index deviation
1xN007:  cccccccccccccccccccccccccccccccccccccccccccccccccccccccccccccccccccc
         FARM/Meshfill cache is set to 8 (local FI domains: 4, dynamic: true)
         cccccccccccccccccccccccccccccccccccccccccccccccccccccccccccccccccccc

1xN007:  =============================================================
         Hex cell analyzer settings:
         	max number of E fields per mesh edge: 2
         	max number of H fields per mesh face: 4
         	supporting dual grid: false
         	performance improvement: ROI limit: true
         	performance improvement: ROI threshold: 2
         	performance improvement: single topology extraction: true
         	performance improvement: pre-categorize cell volume: true
         	periodic align: 0
         	periodic cells: true
         	homogenization version: pid
         =============================================================

1xN007:  -------------------
         TST Statistics:
         E Split (0 | 0 | 0)
         E Adapt (0 | 0 | 0)
         B Split (0 | 0 | 0)
         B Adapt (0 | 0 | 0)
         -------------------

1xN007:  ssssssssssssssssssssssssssssssssssssssssss
         # of curls with SI accuracy enhancement: 0
         ssssssssssssssssssssssssssssssssssssssssss

1xN007:  ------------------------------------------------------------------------------
         PBA fill limit is applied in inverse mode.
         PBA fill limit is applied on faces filled with at least 97.69% metal material.
         --------------------------------------------------------------
         detailed accuracy settings:
         --------------------------------------------------------------
         augmented fill limit:       true
         augmented fill limit value: 97.69
         automatic fill limit:       true
         early fill limit:           true
         inverse fill limit:         true
         model complexity:           0.00
         legacy 2015:                false
         fixed point accuracy:       false
         minimum point accuracy:     0
         mesh step inheritance:      false
         accuracy mode:
         ------------------------------------------------------------------------------

1xN007:  =================================
         Finished matrix computation (PBA)
         =================================

1xN007:  <<<<<<<<<<<<<<<<<<<<<<<<<<<<<<<<<<<<<<<<<<<<<<<<<<<<<<<<<<<<
         Mon Mon Nov  4 21:50:13 2024
         Resource usage for calculating matrix coefficients per node:
         	Runtime                          00:00:05.00828
         	Peak Memory Estimation:                   44 MB
         	Peak Memory Usage:                        33 MB
         <<<<<<<<<<<<<<<<<<<<<<<<<<<<<<<<<<<<<<<<<<<<<<<<<<<<<<<<<<<<



<<<<<<<<<<<<<<<<<<<<<<<<<<<<<<<<<<<<<<<<<<<<<<<
Mon Mon Nov  4 21:50:26 2024
Resource usage for parallelization control:
	Runtime                      00:00:59.00314
<<<<<<<<<<<<<<<<<<<<<<<<<<<<<<<<<<<<<<<<<<<<<<<

------------------------------------------------------------------------------------------------------------------------------
PBAMeshFeedback - InfoMap: 0[ms] - SBCell navigation: Using legacy edges - CornerCorrectionLinesAndWires: 0[ms] - Write: 0[ms]
ConnectivityAXG - Load: 14[ms] - Setup: 0[ms] - Convert: 14[ms] ( Groups: 3 - Shapes: 4 - Threads: 4 ) - Write: 1[ms]
ConnectivityAXG - Load: 14[ms] - Setup: 0[ms] - Convert: 14[ms] ( Groups: 3 - Shapes: 4 - Threads: 4 ) - Write: 1[ms]
------------------------------------------------------------------------------------------------------------------------------

--------------------------------
# of staircase filled cells: 0
# of staircase filled areas: 0
# of staircase filled edges: 0
# of faces above fill limit: 0
# of edges with FPBA topology: 0
--------------------------------

