2024-11-04 21:48:42   Defined reference frequency for open boundary condition (2600 MHz) is larger
                      than the lowest relevant system frequency (monitor at 2400 MHz).
                      Please check the Settings for PML Boundary (Simulation > Settings > Boundary
                      Conditions > Open Boundary) to ensure accurate monitor results for the lowest
                      frequency of interest. More...

                      ------------------------------------------------------------------------------
2024-11-04 21:49:24   The following farfield monitor(s) have been adjusted to model box [-32.3785,
                      32.3785, -30.7613, 28.3786, -2.65819, 11.3143]:
                        farfield (f=2400), farfield (f=2500), farfield (f=2550), farfield
                      (broadband), farfield (f=2620), farfield (f=2650), farfield (f=2690).
                      For further information please check the page "Special Solver Parameters -
                      Solver" in the Online Help.

                      ------------------------------------------------------------------------------
2024-11-04 21:49:25   
                      Solver started at: 2024-11-04 21:49:25 +0100

                        Module:  Time Domain: S-Parameter (Win 64)
                        Version: 2024.0 Release from 2023-09-01 (change 1164796)

2024-11-04 21:49:25   

                      ------------------------------------------------------------------------------
2024-11-04 21:49:25   

                      ------------------------------------------------------------------------------
2024-11-04 21:49:25   ======================================================================
                       Solver cycle: 1
                      ======================================================================

                      Stimulation at port 1 (mode 1) 



                      ------------------------------------------------------------------------------
2024-11-04 21:49:25   Units settings: 

                        Dimensions: mm
                        Frequency:  MHz
                        Time:       ns

                      ------------------------------------------------------------------------------
2024-11-04 21:49:25   The dispersive material update [Automatic] will be performed using the "Standard" update schema

                      ------------------------------------------------------------------------------
2024-11-04 21:50:29   Mesh statistics:

                         Hexahedral mesh type: Perfect Boundary Approximation (PBA)
                            Version: default

                         Parallelization type: domain decomposition
                            Number of parallel working threads: 2
                            Number of calculation domains used: 8

                         Used point accuracy enhancement value: 0.00%.
                         Acceleration mode: CPU
                         PBA fill limit: 97.69% (inverse)

2024-11-04 21:49:43      *** Warning ***  current system memory usage reached 90% (11 GB)

2024-11-04 21:49:55      *** Warning ***  current system memory usage reached 90% (11 GB)

2024-11-04 21:49:59      *** Warning ***  current system memory usage reached 90% (11 GB)

2024-11-04 21:49:51      *** Warning ***  current system memory usage reached 90% (11 GB)


2024-11-04 21:50:31   Using Generalized port mode solver.

                      ------------------------------------------------------------------------------
2024-11-04 21:50:31   Using electric shielding for port 1.

                      ------------------------------------------------------------------------------
2024-11-04 21:50:31   Port mode solver: Detected dispersive material(s) at port 1. 
                      Using a constant approximation of dispersive material(s) at 2600 MHz and neglecting loss terms.  More...

                      ------------------------------------------------------------------------------
2024-11-04 21:50:31   Boundary conditions: 

                        YZsymmetry: none
                        XZsymmetry: none
                        XYsymmetry: none

                        Xmin: expanded open, 4 Layer, depth 26.393 mm
                        Xmax: expanded open, 4 Layer, depth 26.393 mm

                        Ymin: expanded open, 4 Layer, depth 23.4638 mm
                        Ymax: expanded open, 4 Layer, depth 26.4271 mm

                        Zmin: expanded open, 4 Layer, depth 26.8924 mm
                        Zmax: expanded open, 4 Layer, depth 23.4638 mm

                        PML-Type: Convolution PML

                      ------------------------------------------------------------------------------
2024-11-04 21:50:31   Frequency settings: 

                        Fmin:         2400
                        Fmax:         2800
                        Nfsteps(lin): 1001

                      ------------------------------------------------------------------------------
2024-11-04 21:50:31   Field update statistics:

                        Number of components in total: 	1456804
                        Number of lossy metal components:	25477
                        Number of disp. elements:		54204

                      Subcycling state:      			Automatically deactivated

                      ------------------------------------------------------------------------------
2024-11-04 21:50:31   Waveguide boundaries:

2024-11-04 21:50:31   Port: 1

2024-11-04 21:50:32     ------------------------------ F-Calc 2.6e+03 ------------------------------
                        Port   Mode   Type        Z-Wave        Z-Wave-Sigma  Z-Line        F-Cutoff
                        1      1      QTEM        230           19.4          53.1          ---
                        ----------------------------------------------------------------------------

2024-11-04 21:50:32   Using standard absorber for unconsidered modes at port 1.

                      ------------------------------------------------------------------------------
2024-11-04 21:50:33   Broadband farfield monitor expansion origin: 
                         x: 0
                         y: 0
                         z: 3.384

                      ------------------------------------------------------------------------------
2024-11-04 21:50:33   Broadband farfield monitor: Using order 8. (80 farfield modes.)

                      ------------------------------------------------------------------------------
2024-11-04 21:55:51   
                      --------------------------------------------------------------------------------
2024-11-04 21:55:51   Steady state energy criterion met, solver finished successfully.

                      ------------------------------------------------------------------------------
2024-11-04 21:55:51   Frequency domain results normalized to default signal.


                      ------------------------------------------------------------------------------
2024-11-04 21:55:51   
                        ----------------------------------------------------------------------------
                                            Peak memory used (kB)         Free physical memory (kB) 
                                                                          At begin     Minimum      
                        ----------------------------------------------------------------------------
                        Matrices calc.      111676                        2048828      1491210      
                        Solver run total    368516                        2083292      1532264      
                        ----------------------------------------------------------------------------

                      --------------------------------------------------------------------------------
                      Solver Statistics:

                        Hardware:
                           Computer name:                 	DESKTOP-L38PMSN 

                           Number of CPU threads:               4
                           Hardware info:                  	Hardware Accelerator Device not activated

                        Number of mesh cells:             	236160
                        Excitation duration:              	1.77727437e+001 ns 
                        Calculation time for excitation:  	0 	s
                        Number of calculated pulse widths:	1.02043 
                        Steady state accuracy limit:      	-40	dB 
                        Simulated number of time steps:   	21420 
                        Maximum number of time steps:     	419824 
                        Time step width:
                           without subcycles:             	8.466746297e-004 ns
                           used:                          	8.466746297e-004 ns

                        Matrix calculation time:          	64 	s
                        Solver setup time:                	5 	s
                        Solver loop time:                 	307 	s
                        Solver post-processing time:      	6 	s
                        Processing of broadband farfields:	3      	s
                                                          	------------
                        Total solver time:                	385 	s  ( = 0 h, 6 m, 25 s )

                      ------------------------------------------------------------------------------
2024-11-04 21:55:52   
                        Adaptive port meshing time:          	42     	s
                        Total solver time (all cycles):      	385    	s  ( = 0 h, 6 m, 25 s )
                        Solver initialization and clean-up:  	1      	s
                                                             	------------
                        Total simulation time:               	428    	s  ( = 0 h, 7 m, 8 s )

                      ------------------------------------------------------------------------------
2024-11-04 21:55:52   Solver finished at: 2024-11-04 21:55:52 +0100



                      ------------------------------------------------------------------------------
2024-11-04 21:56:28   Creating parametric 1D results for Run ID 1

                      ------------------------------------------------------------------------------
