2024-11-09 23:30:08   Build version: 2024.1 Release from 2023-10-16 (change 1181985)

2024-11-09 23:30:08   Starting adaptive port meshing.

                      ------------------------------------------------------------------------------
2024-11-09 23:30:08   Mode calculation for port 1:

                      ------------------------------------------------------------------------------
2024-11-09 23:30:09   

                      ------------------------------------------------------------------------------
2024-11-09 23:30:09   

                      ------------------------------------------------------------------------------
2024-11-09 23:30:11   Using Generalized port mode solver.

                      ------------------------------------------------------------------------------
2024-11-09 23:30:11   Using electric shielding for port 1.

                      ------------------------------------------------------------------------------
2024-11-09 23:30:12   Port mode solver: Detected dispersive material(s) at port 1. 
                      Using a constant approximation of dispersive material(s) at 2050 MHz and neglecting loss terms.  More...

                      ------------------------------------------------------------------------------
2024-11-09 23:30:12     ----------------------------- F-Calc 2.05e+03 ------------------------------
                        Port   Mode   Type        Z-Wave        Z-Wave-Sigma  Z-Line        F-Cutoff
                        1      1      QTEM        228           18.7          53.1          ---
                        ----------------------------------------------------------------------------

2024-11-09 23:30:13   Pass 1 successfully completed. 
2024-11-09 23:30:13   

                      ------------------------------------------------------------------------------
2024-11-09 23:30:13   

                      ------------------------------------------------------------------------------
2024-11-09 23:30:18     ----------------------------- F-Calc 2.05e+03 ------------------------------
                        Port   Mode   Type        Z-Wave        Z-Wave-Sigma  Z-Line        F-Cutoff
                        1      1      QTEM        247           1.92e-007     53.4          ---
                        ----------------------------------------------------------------------------

2024-11-09 23:30:18   Pass 2 successfully completed. Delta (Line Imp.): 0.53%
2024-11-09 23:30:19   

                      ------------------------------------------------------------------------------
2024-11-09 23:30:19   

                      ------------------------------------------------------------------------------
2024-11-09 23:30:26     ----------------------------- F-Calc 2.05e+03 ------------------------------
                        Port   Mode   Type        Z-Wave        Z-Wave-Sigma  Z-Line        F-Cutoff
                        1      1      QTEM        250           1.06e-009     53.5          ---
                        ----------------------------------------------------------------------------

2024-11-09 23:30:27   Pass 3 successfully completed. Delta (Line Imp.): 0.21%
2024-11-09 23:30:27   Adaptive port meshing finished. 

                      ------------------------------------------------------------------------------
2024-11-09 23:30:27   The following farfield monitor(s) have been adjusted to model box [-32.9067,
                      32.3767, -29.4353, 28.5267, -2.65431, 14.0898]:
                        farfield (broadband), farfield (f=2400), farfield (f=2500), farfield
                      (f=2550), farfield (f=2620), farfield (f=2650), farfield (f=2690).
                      For further information please check the page "Special Solver Parameters -
                      Solver" in the Online Help.

                      ------------------------------------------------------------------------------
2024-11-09 23:30:27   
                      Solver started at: 2024-11-09 23:30:27 +0100

                        Module:  Time Domain: S-Parameter (Win 64)
                        Version: 2024.0 Release from 2023-09-01 (change 1164796)

2024-11-09 23:30:27   

                      ------------------------------------------------------------------------------
2024-11-09 23:30:27   

                      ------------------------------------------------------------------------------
2024-11-09 23:30:27   ======================================================================
                       Solver cycle: 1
                      ======================================================================

                      Stimulation at port 1 (mode 1) 



                      ------------------------------------------------------------------------------
2024-11-09 23:30:27   Units settings: 

                        Dimensions: mm
                        Frequency:  MHz
                        Time:       ns

                      ------------------------------------------------------------------------------
2024-11-09 23:30:27   The dispersive material update [Automatic] will be performed using the "Standard" update schema

                      ------------------------------------------------------------------------------
2024-11-09 23:31:31   Mesh statistics:

                         Hexahedral mesh type: Perfect Boundary Approximation (PBA)
                            Version: default

                         Parallelization type: domain decomposition
                            Number of parallel working threads: 2
                            Number of calculation domains used: 8

                         Used point accuracy enhancement value: 74.00%.
                         Acceleration mode: CPU
                         Used point accuracy enhancement value: 0.00%.
                         PBA fill limit: 88.36% (inverse)
2024-11-09 18:30:15      current system memory usage reached 75%
2024-11-09 18:30:05      current system memory usage reached 75%
2024-11-09 20:05:14      current system memory usage reached 70%
2024-11-09 20:05:22      current system memory usage reached 70%
2024-11-09 20:05:23      current system memory usage reached 70%
2024-11-09 20:42:47      current system memory usage reached 75%
2024-11-09 21:00:27      current system memory usage reached 75%
2024-11-09 21:01:00      current system memory usage reached 75%
2024-11-09 21:00:59      current system memory usage reached 75%
2024-11-09 21:00:39      current system memory usage reached 75%
2024-11-09 21:14:09      current system memory usage reached 80%
2024-11-09 21:14:08      current system memory usage reached 80%
2024-11-09 21:35:15      current system memory usage reached 80%
2024-11-09 21:35:06      current system memory usage reached 80%
2024-11-09 21:35:18      current system memory usage reached 80%
2024-11-09 21:34:54      current system memory usage reached 80%
2024-11-09 21:35:13      current system memory usage reached 80%
2024-11-09 21:54:09      current system memory usage reached 80%
2024-11-09 21:54:18      current system memory usage reached 80%
2024-11-09 21:54:35      current system memory usage reached 80%
2024-11-09 21:54:29      current system memory usage reached 80%
2024-11-09 21:54:19      current system memory usage reached 80%
2024-11-09 21:54:39      current system memory usage reached 80%
                         Used point accuracy enhancement value: 73.00%.
2024-11-09 22:16:54      current system memory usage reached 75%
                         PBA fill limit: 87.99% (inverse)
2024-11-09 22:53:20      current system memory usage reached 75%
2024-11-09 22:53:15      current system memory usage reached 75%
2024-11-09 23:12:48      current system memory usage reached 75%
                         PBA fill limit: 88.17% (inverse)
2024-11-09 23:12:57      current system memory usage reached 75%
2024-11-09 23:13:04      current system memory usage reached 75%
2024-11-09 23:12:59      current system memory usage reached 75%
2024-11-09 23:21:03      current system memory usage reached 75%
                         PBA fill limit: 88.55% (inverse)
2024-11-09 23:31:13      current system memory usage reached 75%
2024-11-09 23:31:12      current system memory usage reached 75%

2024-11-09 23:31:33   Using Generalized port mode solver.

                      ------------------------------------------------------------------------------
2024-11-09 23:31:33   Using electric shielding for port 1.

                      ------------------------------------------------------------------------------
2024-11-09 23:31:35   Port mode solver: Detected dispersive material(s) at port 1. 
                      Using a constant approximation of dispersive material(s) at 2050 MHz and neglecting loss terms.  More...

                      ------------------------------------------------------------------------------
2024-11-09 23:31:35   Boundary conditions: 

                        YZsymmetry: none
                        XZsymmetry: none
                        XYsymmetry: none

                        Xmin: expanded open, 4 Layer, depth 18.3137 mm
                        Xmax: expanded open, 4 Layer, depth 17.6507 mm

                        Ymin: expanded open, 4 Layer, depth 18.0509 mm
                        Ymax: expanded open, 4 Layer, depth 17.6618 mm

                        Zmin: expanded open, 4 Layer, depth 17.8222 mm
                        Zmax: expanded open, 4 Layer, depth 18.722 mm

                        PML-Type: Convolution PML

                      ------------------------------------------------------------------------------
2024-11-09 23:31:35   Frequency settings: 

                        Fmin:         100
                        Fmax:         4000
                        Nfsteps(lin): 1001

                      ------------------------------------------------------------------------------
2024-11-09 23:31:35   Field update statistics:

                        Number of components in total: 	4183215
                        Number of lossy metal components:	51754
                        Number of disp. elements:		116298

                      Subcycling state:      			Automatically deactivated

                      ------------------------------------------------------------------------------
2024-11-09 23:31:35   Waveguide boundaries:

2024-11-09 23:31:35   Port: 1

2024-11-09 23:31:35     ----------------------------- F-Calc 2.05e+03 ------------------------------
                        Port   Mode   Type        Z-Wave        Z-Wave-Sigma  Z-Line        F-Cutoff
                        1      1      QTEM        228           18.7          53.5          ---
                        ----------------------------------------------------------------------------

2024-11-09 23:31:35   Using standard absorber for unconsidered modes at port 1.

                      ------------------------------------------------------------------------------
2024-11-09 23:31:36   Broadband farfield monitor expansion origin: 
                         x: -0.075
                         y: 0.075
                         z: 4.696

                      ------------------------------------------------------------------------------
2024-11-09 23:31:36   Broadband farfield monitor: Using order 10. (120 farfield modes.)

                      ------------------------------------------------------------------------------
2024-11-09 23:38:17   
                      --------------------------------------------------------------------------------
2024-11-09 23:38:17   Steady state energy criterion met, solver finished successfully.

                      ------------------------------------------------------------------------------
2024-11-09 23:38:17   Frequency domain results normalized to default signal.


                      ------------------------------------------------------------------------------
2024-11-09 23:38:17   
                        ----------------------------------------------------------------------------
                                            Peak memory used (kB)         Free physical memory (kB) 
                                                                          At begin     Minimum      
                        ----------------------------------------------------------------------------
                        CAD preparation     14412                         3718936      3718936      
                        Matrices calc.      236653                        3695312      3399414      
                        Solver run total    721076                        3725624      1863808      
                        ----------------------------------------------------------------------------

                      --------------------------------------------------------------------------------
                      Solver Statistics:

                        Hardware:
                           Computer name:                 	DESKTOP-L38PMSN 

                           Number of CPU threads:               4
                           Hardware info:                  	Hardware Accelerator Device not activated

                        Number of mesh cells:             	682500
                        Excitation duration:              	1.82284551e+000 ns 
                        Calculation time for excitation:  	0 	s
                        Number of calculated pulse widths:	9.98614 
                        Steady state accuracy limit:      	-40	dB 
                        Simulated number of time steps:   	22119 
                        Maximum number of time steps:     	44299 
                        Time step width:
                           without subcycles:             	8.229659511e-004 ns
                           used:                          	8.229659511e-004 ns

                        CAD preparation time:             	1      	s
                        Matrix calculation time:          	63 	s
                        Solver setup time:                	5 	s
                        Solver loop time:                 	391 	s
                        Solver post-processing time:      	4 	s
                        Processing of broadband farfields:	4      	s
                                                          	------------
                        Total solver time:                	468 	s  ( = 0 h, 7 m, 48 s )

                      ------------------------------------------------------------------------------
2024-11-09 23:38:17   
                        Adaptive port meshing time:          	20     	s
                        Total solver time (all cycles):      	468    	s  ( = 0 h, 7 m, 48 s )
                        Solver initialization and clean-up:  	2      	s
                                                             	------------
                        Total simulation time:               	490    	s  ( = 0 h, 8 m, 10 s )

                      ------------------------------------------------------------------------------
2024-11-09 23:38:17   Solver finished at: 2024-11-09 23:38:17 +0100



                      ------------------------------------------------------------------------------
2024-11-09 23:38:38   Creating parametric 1D results for Run ID 1

                      ------------------------------------------------------------------------------
